[0.009s] Invoking command in '/home/shanmukh/ros2_ws/build/r2d2_controller_cpp': CMAKE_PREFIX_PATH=${CMAKE_PREFIX_PATH}:/home/shanmukh/ros2_ws/install/r2d2_controller:/opt/ros/humble /usr/bin/cmake --build /home/shanmukh/ros2_ws/build/r2d2_controller_cpp -- -j8 -l8
[0.031s] [35m[1mConsolidate compiler generated dependencies of target turtle_controller[0m
[0.039s] [ 75%] Built target draw_circle
[0.039s] [ 75%] Built target pose_subsciber
[0.039s] [ 75%] Built target cpp_node
[0.041s] [ 87%] [32mBuilding CXX object CMakeFiles/turtle_controller.dir/src/turtle_controller.cpp.o[0m
[1.461s] [01m[K/home/shanmukh/ros2_ws/src/r2d2_controller_cpp/src/turtle_controller.cpp:[m[K In member function â€˜[01m[Kvoid TurtleControllerNode::pose_callback(turtlesim::msg::Pose_<std::allocator<void> >::SharedPtr)[m[Kâ€™:
[1.462s] [01m[K/home/shanmukh/ros2_ws/src/r2d2_controller_cpp/src/turtle_controller.cpp:35:43:[m[K [01;31m[Kerror: [m[Kno matching function for call to â€˜[01m[KTurtleControllerNode::call_set_pen_service(int, int, int, double)[m[Kâ€™
[1.462s]    35 |                 [01;31m[Kthis->call_set_pen_service(0,255,0,3.0)[m[K;
[1.462s]       |                 [01;31m[K~~~~~~~~~~~~~~~~~~~~~~~~~~^~~~~~~~~~~~~[m[K
[1.462s] [01m[K/home/shanmukh/ros2_ws/src/r2d2_controller_cpp/src/turtle_controller.cpp:39:14:[m[K [01;36m[Knote: [m[Kcandidate: â€˜[01m[Kvoid TurtleControllerNode::call_set_pen_service(int, int, int, int, int)[m[Kâ€™
[1.462s]    39 |         void [01;36m[Kcall_set_pen_service[m[K(int r, int g, int b, int width, int off){
[1.462s]       |              [01;36m[K^~~~~~~~~~~~~~~~~~~~[m[K
[1.469s] [01m[K/home/shanmukh/ros2_ws/src/r2d2_controller_cpp/src/turtle_controller.cpp:39:14:[m[K [01;36m[Knote: [m[K  candidate expects 5 arguments, 4 provided
[3.333s] gmake[2]: *** [CMakeFiles/turtle_controller.dir/build.make:76: CMakeFiles/turtle_controller.dir/src/turtle_controller.cpp.o] Error 1
[3.333s] gmake[1]: *** [CMakeFiles/Makefile2:221: CMakeFiles/turtle_controller.dir/all] Error 2
[3.333s] gmake: *** [Makefile:146: all] Error 2
[3.334s] Invoked command in '/home/shanmukh/ros2_ws/build/r2d2_controller_cpp' returned '2': CMAKE_PREFIX_PATH=${CMAKE_PREFIX_PATH}:/home/shanmukh/ros2_ws/install/r2d2_controller:/opt/ros/humble /usr/bin/cmake --build /home/shanmukh/ros2_ws/build/r2d2_controller_cpp -- -j8 -l8
